Starting enhanced batch import at Wed Feb 18 16:11:52 CAT 2026
Import Strategy: CREATE_AND_UPDATE
---

[1;33m=== ENHANCED DATA ELEMENTS ===[0m
[0;32m✓[0m "stats":{"created":0,"updated":164,"deleted":0,"ignored":0,"total":164}

[1;33m=== ENHANCED DASHBOARDS ===[0m
[0;32m✓[0m "stats":{"created":0,"updated":19,"deleted":0,"ignored":0,"total":19}

[1;33m=== ENHANCED PROGRAM INDICATORS ===[0m
Skipping Program Indicator.json - new indicators require program linkage configuration

[1;33m=== DATA SETS ===[0m
[0;32m✓[0m "stats":{"created":0,"updated":1,"deleted":0,"ignored":0,"total":1}

[1;33m=== VALIDATION RULES ===[0m
[0;32m✓[0m "stats":{"created":0,"updated":0,"deleted":0,"ignored":0,"total":0}
[0;32m✓[0m "stats":{"created":0,"updated":0,"deleted":0,"ignored":0,"total":0}

[1;33m=== VISUALIZATIONS ===[0m
[0;32m✓[0m "stats":{"created":0,"updated":26,"deleted":0,"ignored":0,"total":26}
[0;32m✓[0m "stats":{"created":0,"updated":33,"deleted":0,"ignored":0,"total":33}

[1;33m=== CANCER PROGRAMS (Re-import for completeness) ===[0m
[0;32m✓[0m "stats":{"created":0,"updated":1,"deleted":0,"ignored":0,"total":1}
[0;32m✓[0m "stats":{"created":0,"updated":1,"deleted":0,"ignored":0,"total":1}
[0;32m✓[0m "stats":{"created":0,"updated":1,"deleted":0,"ignored":0,"total":1}
[0;32m✓[0m "stats":{"created":0,"updated":1,"deleted":0,"ignored":0,"total":1}
[0;32m✓[0m "stats":{"created":0,"updated":1,"deleted":0,"ignored":0,"total":1}
[0;32m✓[0m "stats":{"created":0,"updated":1,"deleted":0,"ignored":0,"total":1}
[0;32m✓[0m "stats":{"created":0,"updated":1,"deleted":0,"ignored":0,"total":1}
[0;32m✓[0m "stats":{"created":0,"updated":1,"deleted":0,"ignored":0,"total":1}
[0;32m✓[0m "stats":{"created":0,"updated":1,"deleted":0,"ignored":0,"total":1}
[0;32m✓[0m "stats":{"created":0,"updated":1,"deleted":0,"ignored":0,"total":1}
[0;32m✓[0m "stats":{"created":0,"updated":1,"deleted":0,"ignored":0,"total":1}
[0;32m✓[0m "stats":{"created":0,"updated":1,"deleted":0,"ignored":0,"total":1}
[0;32m✓[0m "stats":{"created":0,"updated":1,"deleted":0,"ignored":0,"total":1}
[0;32m✓[0m "stats":{"created":0,"updated":1,"deleted":0,"ignored":0,"total":1}
[0;32m✓[0m "stats":{"created":0,"updated":1,"deleted":0,"ignored":0,"total":1}
[0;32m✓[0m "stats":{"created":0,"updated":1,"deleted":0,"ignored":0,"total":1}
[0;32m✓[0m "stats":{"created":0,"updated":1,"deleted":0,"ignored":0,"total":1}
[0;32m✓[0m "stats":{"created":0,"updated":1,"deleted":0,"ignored":0,"total":1}

---
Import Summary:
  Total files:    25
  [0;32mSuccessful: 25[0m
  [0;31mFailed:     0[0m
Log file: import_enhanced_20260218_161152.log
Completed at Wed Feb 18 16:12:09 CAT 2026
