Starting batch import at Thu Feb 19 20:48:24 CAT 2026
Import Strategy: CREATE_AND_UPDATE
Atomic Mode: NONE
---

[1;33m=== Data Sets ===[0m
[0;32m✓[0m "stats":{"created":0,"updated":1,"deleted":0,"ignored":0,"total":1}

[1;33m=== Validation Rules ===[0m
[0;32m✓[0m "stats":{"created":0,"updated":0,"deleted":0,"ignored":0,"total":0}
[0;32m✓[0m "stats":{"created":0,"updated":6,"deleted":0,"ignored":0,"total":6}

[1;33m=== Individual Cancer Programs (Re-import) ===[0m
[0;32m✓[0m "stats":{"created":0,"updated":1,"deleted":0,"ignored":0,"total":1}
[0;32m✓[0m "stats":{"created":0,"updated":1,"deleted":0,"ignored":0,"total":1}
[0;32m✓[0m "stats":{"created":0,"updated":1,"deleted":0,"ignored":0,"total":1}
[0;32m✓[0m "stats":{"created":0,"updated":1,"deleted":0,"ignored":0,"total":1}
[0;32m✓[0m "stats":{"created":0,"updated":1,"deleted":0,"ignored":0,"total":1}
[0;32m✓[0m "stats":{"created":0,"updated":1,"deleted":0,"ignored":0,"total":1}
[0;32m✓[0m "stats":{"created":0,"updated":1,"deleted":0,"ignored":0,"total":1}
[0;32m✓[0m "stats":{"created":0,"updated":1,"deleted":0,"ignored":0,"total":1}
[0;32m✓[0m "stats":{"created":0,"updated":1,"deleted":0,"ignored":0,"total":1}
[0;32m✓[0m "stats":{"created":0,"updated":1,"deleted":0,"ignored":0,"total":1}
[0;32m✓[0m "stats":{"created":0,"updated":1,"deleted":0,"ignored":0,"total":1}
[0;32m✓[0m "stats":{"created":0,"updated":1,"deleted":0,"ignored":0,"total":1}
[0;32m✓[0m "stats":{"created":0,"updated":1,"deleted":0,"ignored":0,"total":1}
[0;32m✓[0m "stats":{"created":0,"updated":1,"deleted":0,"ignored":0,"total":1}
[0;32m✓[0m "stats":{"created":0,"updated":1,"deleted":0,"ignored":0,"total":1}
[0;32m✓[0m "stats":{"created":0,"updated":1,"deleted":0,"ignored":0,"total":1}
[0;32m✓[0m "stats":{"created":0,"updated":1,"deleted":0,"ignored":0,"total":1}
[0;32m✓[0m "stats":{"created":0,"updated":1,"deleted":0,"ignored":0,"total":1}

---
Import Summary:
  Total files:    21
  [0;32mSuccessful: 21[0m
  [0;31mFailed:     0[0m
Log file: /Users/mk/Documents/GitHub/cancer-registry/logs/API import logs/import_20260219_204824.log
Completed at Thu Feb 19 20:48:48 CAT 2026
