Starting batch import at Thu Feb 19 21:01:38 CAT 2026
Import Strategy: CREATE_AND_UPDATE
Atomic Mode: NONE
---

[1;33m=== Validation Rules ===[0m

[1;33m=== Cancer-Specific Data Elements ===[0m
[0;32m✓[0m "stats":{"created":1,"updated":21,"deleted":0,"ignored":0,"total":22}
[0;32m✓[0m "stats":{"created":0,"updated":27,"deleted":0,"ignored":0,"total":27}
[0;32m✓[0m "stats":{"created":0,"updated":22,"deleted":0,"ignored":0,"total":22}
[0;32m✓[0m "stats":{"created":0,"updated":22,"deleted":0,"ignored":0,"total":22}
[0;32m✓[0m "stats":{"created":0,"updated":159,"deleted":0,"ignored":0,"total":159}
[0;32m✓[0m "stats":{"created":0,"updated":22,"deleted":0,"ignored":0,"total":22}
[0;32m✓[0m "stats":{"created":0,"updated":22,"deleted":0,"ignored":0,"total":22}
[0;32m✓[0m "stats":{"created":0,"updated":22,"deleted":0,"ignored":0,"total":22}
[0;32m✓[0m "stats":{"created":0,"updated":22,"deleted":0,"ignored":0,"total":22}
[0;32m✓[0m "stats":{"created":0,"updated":22,"deleted":0,"ignored":0,"total":22}
[0;32m✓[0m "stats":{"created":0,"updated":22,"deleted":0,"ignored":0,"total":22}
[0;32m✓[0m "stats":{"created":0,"updated":22,"deleted":0,"ignored":0,"total":22}
[0;32m✓[0m "stats":{"created":0,"updated":22,"deleted":0,"ignored":0,"total":22}
[0;32m✓[0m "stats":{"created":0,"updated":22,"deleted":0,"ignored":0,"total":22}
[0;32m✓[0m "stats":{"created":0,"updated":22,"deleted":0,"ignored":0,"total":22}
[0;32m✓[0m "stats":{"created":0,"updated":22,"deleted":0,"ignored":0,"total":22}
[0;32m✓[0m "stats":{"created":0,"updated":22,"deleted":0,"ignored":0,"total":22}
[0;32m✓[0m "stats":{"created":0,"updated":22,"deleted":0,"ignored":0,"total":22}
[0;32m✓[0m "stats":{"created":0,"updated":22,"deleted":0,"ignored":0,"total":22}

[1;33m=== Individual Cancer Programs (Re-import) ===[0m
[0;32m✓[0m "stats":{"created":0,"updated":1,"deleted":0,"ignored":0,"total":1}
[0;32m✓[0m "stats":{"created":0,"updated":1,"deleted":0,"ignored":0,"total":1}
[0;32m✓[0m "stats":{"created":0,"updated":1,"deleted":0,"ignored":0,"total":1}
[0;32m✓[0m "stats":{"created":0,"updated":1,"deleted":0,"ignored":0,"total":1}
[0;32m✓[0m "stats":{"created":0,"updated":1,"deleted":0,"ignored":0,"total":1}
[0;32m✓[0m "stats":{"created":0,"updated":1,"deleted":0,"ignored":0,"total":1}
[0;32m✓[0m "stats":{"created":0,"updated":1,"deleted":0,"ignored":0,"total":1}
[0;32m✓[0m "stats":{"created":0,"updated":1,"deleted":0,"ignored":0,"total":1}
[0;32m✓[0m "stats":{"created":0,"updated":1,"deleted":0,"ignored":0,"total":1}
[0;32m✓[0m "stats":{"created":0,"updated":1,"deleted":0,"ignored":0,"total":1}
[0;32m✓[0m "stats":{"created":0,"updated":1,"deleted":0,"ignored":0,"total":1}
[0;32m✓[0m "stats":{"created":0,"updated":1,"deleted":0,"ignored":0,"total":1}
[0;32m✓[0m "stats":{"created":0,"updated":1,"deleted":0,"ignored":0,"total":1}
[0;32m✓[0m "stats":{"created":0,"updated":1,"deleted":0,"ignored":0,"total":1}
[0;32m✓[0m "stats":{"created":0,"updated":1,"deleted":0,"ignored":0,"total":1}
[0;32m✓[0m "stats":{"created":0,"updated":1,"deleted":0,"ignored":0,"total":1}
[0;32m✓[0m "stats":{"created":0,"updated":1,"deleted":0,"ignored":0,"total":1}
[0;32m✓[0m "stats":{"created":0,"updated":1,"deleted":0,"ignored":0,"total":1}

---
Import Summary:
  Total files:    37
  [0;32mSuccessful: 37[0m
  [0;31mFailed:     0[0m
Log file: /Users/mk/Documents/GitHub/cancer-registry/logs/API import logs/import_20260219_210138.log
Completed at Thu Feb 19 21:02:25 CAT 2026
